<?xml version="1.0" encoding="UTF-8"?>
<testng-results skipped="0" failed="0" ignored="0" total="2" passed="2">
  <reporter-output>
  </reporter-output>
  <suite name="Surefire suite" duration-ms="26" started-at="2019-03-29T14:57:04Z" finished-at="2019-03-29T14:57:04Z">
    <groups>
    </groups>
    <test name="Surefire test" duration-ms="26" started-at="2019-03-29T14:57:04Z" finished-at="2019-03-29T14:57:04Z">
      <class name="RVLEARNING.SeleniumTest">
        <test-method status="PASS" signature="browserLaunch()[pri:0, instance:RVLEARNING.SeleniumTest@54a097cc]" name="browserLaunch" duration-ms="6" started-at="2019-03-29T14:57:04Z" finished-at="2019-03-29T14:57:04Z">
          <reporter-output>
          </reporter-output>
        </test-method> <!-- browserLaunch -->
        <test-method status="PASS" signature="login()[pri:0, instance:RVLEARNING.SeleniumTest@54a097cc]" name="login" duration-ms="0" started-at="2019-03-29T14:57:04Z" finished-at="2019-03-29T14:57:04Z">
          <reporter-output>
          </reporter-output>
        </test-method> <!-- login -->
      </class> <!-- RVLEARNING.SeleniumTest -->
    </test> <!-- Surefire test -->
  </suite> <!-- Surefire suite -->
</testng-results>
